<?xml version="1.0" encoding="UTF-8"?>
<testsuite xmlns:xsi="http://www.w3.org/2001/XMLSchema-instance" xsi:noNamespaceSchemaLocation="https://maven.apache.org/surefire/maven-surefire-plugin/xsd/surefire-test-report-3.0.xsd" version="3.0" name="com.amazon.buspassmanagement.AppTest" time="0.381" tests="2" errors="0" skipped="0" failures="0">
  <properties>
[...]
</properties>
  <testcase name="testAdminLogin" classname="com.amazon.buspassmanagement.AppTest" time="0.372">
    <system-out><![CDATA[[DB] Driver Loaded Successfully....
[DB] Configured using File :)
[DB] Connection Created Successfully....
[DB] Executing SQL Query | SELECT * FROM User WHERE email = 'john@example.com' AND password = 'admin123'
[DB] SQL Query Executed...
]]></system-out>
  </testcase>
  <testcase name="testUserLogin" classname="com.amazon.buspassmanagement.AppTest" time="0.001">
    <system-out><![CDATA[[DB] Executing SQL Query | SELECT * FROM User WHERE email = 'sia@example.com' AND password = 'IoZ/qxiCszvPygUg2hfAQTFAELOEwMxKzireBmUFk5w='
[DB] SQL Query Executed...
]]></system-out>
  </testcase>
</testsuite>